<?xml version="1.0" encoding="UTF-8"?>
<!-- Generated by org.testng.reporters.JUnitReportReporter -->
<testsuite hostname="DESKTOP-LIS2ISU" failures="0" tests="2" name="com.juaracoding.sa.TestCalc" time="5.887" errors="0" timestamp="2022-01-06T21:49:37 WIB" skipped="0">
  <testcase classname="com.juaracoding.sa.TestCalc" name="fungsi1Tambah" time="2.475"/>
  <system-out/>
  <testcase classname="com.juaracoding.sa.TestCalc" name="fungsi2Kali" time="3.412"/>
  <system-out/>
</testsuite> <!-- com.juaracoding.sa.TestCalc -->
